Load personality input: "{\"chatbot_name\": \"\", \"chatbot_description\": \"A custom assistant\", \"chatbot_age\": \"\"}"
Load personality input: "{\"chatbot_name\": \"\", \"chatbot_description\": \"A custom assistant\", \"chatbot_age\": \"\"}"
Check env var if loaded - default_traits: "{\"chatbot_name\": \"AI Bot\", \"chatbot_description\": \"AI Assistant\", \"chatbot_age\": \"30\", \"chatbot_origin\": \"Virtual\", \"chatbot_dream\": \"To assist users\", \"chatbot_tone\": \"Friendly\", \"chatbot_expertise\": \"Tech\"}"
Default_traits_map: {"chatbot_expertise": "Tech", "chatbot_age": "30", "chatbot_name": "AI Bot", "chatbot_description": "AI Assistant", "chatbot_origin": "Virtual", "chatbot_tone": "Friendly", "chatbot_dream": "To assist users"}
Load personality input: "{\"chatbot_name\": \"\", \"chatbot_description\": \"A custom assistant\", \"chatbot_age\": \"\"}"
Check env var if loaded - default_traits: "{\"chatbot_name\": \"AI Bot\", \"chatbot_description\": \"AI Assistant\", \"chatbot_age\": \"30\", \"chatbot_origin\": \"Virtual\", \"chatbot_dream\": \"To assist users\", \"chatbot_tone\": \"Friendly\", \"chatbot_expertise\": \"Tech\"}"
Default_traits_map: {"chatbot_tone": "Friendly", "chatbot_dream": "To assist users", "chatbot_age": "30", "chatbot_expertise": "Tech", "chatbot_name": "AI Bot", "chatbot_origin": "Virtual", "chatbot_description": "AI Assistant"}
Load personality input: "{\"chatbot_name\": \"\", \"chatbot_description\": \"A custom assistant\", \"chatbot_age\": \"\"}"
Check env var if loaded - default_traits: "{\"chatbot_name\": \"AI Bot\", \"chatbot_description\": \"AI Assistant\", \"chatbot_age\": \"30\", \"chatbot_origin\": \"Virtual\", \"chatbot_dream\": \"To assist users\", \"chatbot_tone\": \"Friendly\", \"chatbot_expertise\": \"Tech\"}"
Default_traits_map: {"chatbot_tone": "Friendly", "chatbot_description": "AI Assistant", "chatbot_name": "AI Bot", "chatbot_age": "30", "chatbot_origin": "Virtual", "chatbot_expertise": "Tech", "chatbot_dream": "To assist users"}
Load personality input: "{\"chatbot_name\": \"\", \"chatbot_description\": \"A custom assistant\", \"chatbot_age\": \"\"}"
Check env var if loaded - default_traits: "{\"chatbot_name\": \"AI Bot\", \"chatbot_description\": \"AI Assistant\", \"chatbot_age\": \"30\", \"chatbot_origin\": \"Virtual\", \"chatbot_dream\": \"To assist users\", \"chatbot_tone\": \"Friendly\", \"chatbot_expertise\": \"Tech\"}"
Default_traits_map: {"chatbot_description": "AI Assistant", "chatbot_age": "30", "chatbot_dream": "To assist users", "chatbot_name": "AI Bot", "chatbot_tone": "Friendly", "chatbot_expertise": "Tech", "chatbot_origin": "Virtual"}
Load personality input: "{\"chatbot_name\": \"\", \"chatbot_description\": \"A custom assistant\", \"chatbot_age\": \"\"}"
Check env var if loaded - default_traits: "{\"chatbot_name\": \"AI Bot\", \"chatbot_description\": \"AI Assistant\", \"chatbot_age\": \"30\", \"chatbot_origin\": \"Virtual\", \"chatbot_dream\": \"To assist users\", \"chatbot_tone\": \"Friendly\", \"chatbot_expertise\": \"Tech\"}"
Default_traits_map: {"chatbot_name": "AI Bot", "chatbot_origin": "Virtual", "chatbot_dream": "To assist users", "chatbot_tone": "Friendly", "chatbot_expertise": "Tech", "chatbot_description": "AI Assistant", "chatbot_age": "30"}
Load personality input: "{\"chatbot_name\": \"\", \"chatbot_description\": \"A custom assistant\", \"chatbot_age\": \"\"}"
Check env var if loaded - default_traits: "{\"chatbot_name\": \"AI Bot\", \"chatbot_description\": \"AI Assistant\", \"chatbot_age\": \"30\", \"chatbot_origin\": \"Virtual\", \"chatbot_dream\": \"To assist users\", \"chatbot_tone\": \"Friendly\", \"chatbot_expertise\": \"Tech\"}"
Default_traits_map: {"chatbot_dream": "To assist users", "chatbot_description": "AI Assistant", "chatbot_name": "AI Bot", "chatbot_age": "30", "chatbot_origin": "Virtual", "chatbot_tone": "Friendly", "chatbot_expertise": "Tech"}
Load personality input: "{\"chatbot_name\": \"\", \"chatbot_description\": \"A custom assistant\", \"chatbot_age\": \"\"}"
Check env var if loaded - default_traits: "{\"chatbot_name\": \"AI Bot\", \"chatbot_description\": \"AI Assistant\", \"chatbot_age\": \"30\", \"chatbot_origin\": \"Virtual\", \"chatbot_dream\": \"To assist users\", \"chatbot_tone\": \"Friendly\", \"chatbot_expertise\": \"Tech\"}"
Default_traits_map: {"chatbot_description": "AI Assistant", "chatbot_expertise": "Tech", "chatbot_age": "30", "chatbot_name": "AI Bot", "chatbot_origin": "Virtual", "chatbot_dream": "To assist users", "chatbot_tone": "Friendly"}
Load personality input: "{\"chatbot_name\": \"\", \"chatbot_description\": \"A custom assistant\", \"chatbot_age\": \"\"}"
Check env var if loaded - default_traits: "{\"chatbot_name\": \"AI Bot\", \"chatbot_description\": \"AI Assistant\", \"chatbot_age\": \"30\", \"chatbot_origin\": \"Virtual\", \"chatbot_dream\": \"To assist users\", \"chatbot_tone\": \"Friendly\", \"chatbot_expertise\": \"Tech\"}"
Default_traits_map: {"chatbot_tone": "Friendly", "chatbot_description": "AI Assistant", "chatbot_age": "30", "chatbot_dream": "To assist users", "chatbot_origin": "Virtual", "chatbot_expertise": "Tech", "chatbot_name": "AI Bot"}
Load personality input: "{\"chatbot_name\": \"\", \"chatbot_description\": \"A custom assistant\", \"chatbot_age\": \"\"}"
Check env var if loaded - default_traits: "{\"chatbot_name\": \"AI Bot\", \"chatbot_description\": \"AI Assistant\", \"chatbot_age\": \"30\", \"chatbot_origin\": \"Virtual\", \"chatbot_dream\": \"To assist users\", \"chatbot_tone\": \"Friendly\", \"chatbot_expertise\": \"Tech\"}"
Default_traits_map: {"chatbot_dream": "To assist users", "chatbot_tone": "Friendly", "chatbot_description": "AI Assistant", "chatbot_age": "30", "chatbot_origin": "Virtual", "chatbot_expertise": "Tech", "chatbot_name": "AI Bot"}
