{"time": "2025-02-02 09:44:46,366", "level": "INFO", "name": "common", "message": "Log Analyzer Agent Status (runLogAnalyzer): Running", "user_id": "33"}
{"time": "2025-02-02 09:44:46,367", "level": "INFO", "name": "common", "message": "Log Analyzer Agent Status (runLogAnalyzer): Success", "user_id": "33"}
{"time": "2025-02-02 09:44:46,370", "level": "INFO", "name": "common", "message": "Log Analyzer Agent Query (runLogAnalyzer): recording to db", "user_id": "33"}
{"time": "2025-02-02 09:44:47,025", "level": "INFO", "name": "common", "message": "Log Analyzer Agent Status (runLogAnalyzer): Running", "user_id": "34"}
{"time": "2025-02-02 09:44:47,026", "level": "ERROR", "name": "common", "message": "Log Analyzer Agent Status (runLogAnalyzer): Error", "user_id": "34"}
{"time": "2025-02-02 09:44:47,028", "level": "INFO", "name": "common", "message": "Log Analyzer Agent Query (runLogAnalyzer): recording to db", "user_id": "34"}
{"time": "2025-02-02 09:44:47,677", "level": "INFO", "name": "common", "message": "Log Analyzer Agent Status (runLogAnalyzer): Running", "user_id": "35"}
{"time": "2025-02-02 09:44:47,679", "level": "ERROR", "name": "common", "message": "Log Analyzer Agent Status (runLogAnalyzer): Exception -> Unexpected failure", "user_id": "35"}
{"time": "2025-02-02 09:44:56,570", "level": "ERROR", "name": "common", "message": "Log Analyzer Agent storing record in db (db_recorder): Exception -> cannot access local variable 'e' where it is not associated with a value", "user_id": "anonymous"}
{"time": "2025-02-02 09:44:56,574", "level": "ERROR", "name": "common", "message": "Log Analyzer Agent storing record in db (db_recorder): Exception -> Mock Connection Error", "user_id": "anonymous"}
{"time": "2025-02-02 10:12:43,703", "level": "INFO", "name": "common", "message": "Log Analyzer Agent Status (runLogAnalyzer): Running", "user_id": "33"}
{"time": "2025-02-02 10:12:43,703", "level": "INFO", "name": "common", "message": "Log Analyzer Agent Status (runLogAnalyzer): Success", "user_id": "33"}
{"time": "2025-02-02 10:12:43,707", "level": "INFO", "name": "common", "message": "Log Analyzer Agent Query (runLogAnalyzer): recording to db", "user_id": "33"}
{"time": "2025-02-02 10:12:44,351", "level": "INFO", "name": "common", "message": "Log Analyzer Agent Status (runLogAnalyzer): Running", "user_id": "34"}
{"time": "2025-02-02 10:12:44,351", "level": "ERROR", "name": "common", "message": "Log Analyzer Agent Status (runLogAnalyzer): Error", "user_id": "34"}
{"time": "2025-02-02 10:12:44,355", "level": "INFO", "name": "common", "message": "Log Analyzer Agent Query (runLogAnalyzer): recording to db", "user_id": "34"}
{"time": "2025-02-02 10:12:44,999", "level": "INFO", "name": "common", "message": "Log Analyzer Agent Status (runLogAnalyzer): Running", "user_id": "35"}
{"time": "2025-02-02 10:12:45,001", "level": "ERROR", "name": "common", "message": "Log Analyzer Agent Status (runLogAnalyzer): Exception -> Unexpected failure", "user_id": "35"}
{"time": "2025-02-02 10:12:55,835", "level": "ERROR", "name": "common", "message": "Log Analyzer Agent storing record in db (db_recorder): Exception -> cannot access local variable 'e' where it is not associated with a value", "user_id": "anonymous"}
{"time": "2025-02-02 10:12:55,840", "level": "ERROR", "name": "common", "message": "Log Analyzer Agent storing record in db (db_recorder): Exception -> Mock Connection Error", "user_id": "anonymous"}
