{"time": "2025-01-18 07:51:42,821", "level": "INFO", "name": "django.utils.autoreload", "message": "Watching for file changes with StatReloader", "user_id": "anonymous"}
{"time": "2025-01-18 07:51:46,404", "level": "DEBUG", "name": "httpx", "message": "load_ssl_context verify=True cert=None trust_env=True http2=False", "user_id": "anonymous"}
{"time": "2025-01-18 07:51:46,406", "level": "DEBUG", "name": "httpx", "message": "load_verify_locations cafile='/home/creditizens/djangochatAI/djangochatbotAI_venv/lib/python3.12/site-packages/certifi/cacert.pem'", "user_id": "anonymous"}
{"time": "2025-01-18 07:51:46,504", "level": "DEBUG", "name": "httpx", "message": "load_ssl_context verify=True cert=None trust_env=True http2=False", "user_id": "anonymous"}
{"time": "2025-01-18 07:51:46,505", "level": "DEBUG", "name": "httpx", "message": "load_verify_locations cafile='/home/creditizens/djangochatAI/djangochatbotAI_venv/lib/python3.12/site-packages/certifi/cacert.pem'", "user_id": "anonymous"}
{"time": "2025-01-18 07:51:46,592", "level": "DEBUG", "name": "httpx", "message": "load_ssl_context verify=True cert=None trust_env=True http2=False", "user_id": "anonymous"}
{"time": "2025-01-18 07:51:46,594", "level": "DEBUG", "name": "httpx", "message": "load_verify_locations cafile='/home/creditizens/djangochatAI/djangochatbotAI_venv/lib/python3.12/site-packages/certifi/cacert.pem'", "user_id": "anonymous"}
{"time": "2025-01-18 07:51:46,682", "level": "DEBUG", "name": "httpx", "message": "load_ssl_context verify=True cert=None trust_env=True http2=False", "user_id": "anonymous"}
{"time": "2025-01-18 07:51:46,683", "level": "DEBUG", "name": "httpx", "message": "load_verify_locations cafile='/home/creditizens/djangochatAI/djangochatbotAI_venv/lib/python3.12/site-packages/certifi/cacert.pem'", "user_id": "anonymous"}
{"time": "2025-01-18 07:51:46,765", "level": "DEBUG", "name": "httpx", "message": "load_ssl_context verify=True cert=None trust_env=True http2=False", "user_id": "anonymous"}
{"time": "2025-01-18 07:51:46,767", "level": "DEBUG", "name": "httpx", "message": "load_verify_locations cafile='/home/creditizens/djangochatAI/djangochatbotAI_venv/lib/python3.12/site-packages/certifi/cacert.pem'", "user_id": "anonymous"}
{"time": "2025-01-18 07:51:46,870", "level": "DEBUG", "name": "httpx", "message": "load_ssl_context verify=True cert=None trust_env=True http2=False", "user_id": "anonymous"}
{"time": "2025-01-18 07:51:46,871", "level": "DEBUG", "name": "httpx", "message": "load_verify_locations cafile='/home/creditizens/djangochatAI/djangochatbotAI_venv/lib/python3.12/site-packages/certifi/cacert.pem'", "user_id": "anonymous"}
{"time": "2025-01-18 07:51:46,970", "level": "DEBUG", "name": "httpx", "message": "load_ssl_context verify=True cert=None trust_env=True http2=False", "user_id": "anonymous"}
{"time": "2025-01-18 07:51:46,971", "level": "DEBUG", "name": "httpx", "message": "load_verify_locations cafile='/home/creditizens/djangochatAI/djangochatbotAI_venv/lib/python3.12/site-packages/certifi/cacert.pem'", "user_id": "anonymous"}
{"time": "2025-01-18 07:51:47,051", "level": "DEBUG", "name": "httpx", "message": "load_ssl_context verify=True cert=None trust_env=True http2=False", "user_id": "anonymous"}
{"time": "2025-01-18 07:51:47,052", "level": "DEBUG", "name": "httpx", "message": "load_verify_locations cafile='/home/creditizens/djangochatAI/djangochatbotAI_venv/lib/python3.12/site-packages/certifi/cacert.pem'", "user_id": "anonymous"}
{"time": "2025-01-18 07:51:47,133", "level": "DEBUG", "name": "httpx", "message": "load_ssl_context verify=True cert=None trust_env=True http2=False", "user_id": "anonymous"}
{"time": "2025-01-18 07:51:47,134", "level": "DEBUG", "name": "httpx", "message": "load_verify_locations cafile='/home/creditizens/djangochatAI/djangochatbotAI_venv/lib/python3.12/site-packages/certifi/cacert.pem'", "user_id": "anonymous"}
{"time": "2025-01-18 07:51:47,222", "level": "DEBUG", "name": "httpx", "message": "load_ssl_context verify=True cert=None trust_env=True http2=False", "user_id": "anonymous"}
{"time": "2025-01-18 07:51:47,223", "level": "DEBUG", "name": "httpx", "message": "load_verify_locations cafile='/home/creditizens/djangochatAI/djangochatbotAI_venv/lib/python3.12/site-packages/certifi/cacert.pem'", "user_id": "anonymous"}
{"time": "2025-01-18 07:51:47,299", "level": "DEBUG", "name": "httpx", "message": "load_ssl_context verify=True cert=None trust_env=True http2=False", "user_id": "anonymous"}
{"time": "2025-01-18 07:51:47,300", "level": "DEBUG", "name": "httpx", "message": "load_verify_locations cafile='/home/creditizens/djangochatAI/djangochatbotAI_venv/lib/python3.12/site-packages/certifi/cacert.pem'", "user_id": "anonymous"}
{"time": "2025-01-18 07:51:47,372", "level": "DEBUG", "name": "httpx", "message": "load_ssl_context verify=True cert=None trust_env=True http2=False", "user_id": "anonymous"}
{"time": "2025-01-18 07:51:47,373", "level": "DEBUG", "name": "httpx", "message": "load_verify_locations cafile='/home/creditizens/djangochatAI/djangochatbotAI_venv/lib/python3.12/site-packages/certifi/cacert.pem'", "user_id": "anonymous"}
{"time": "2025-01-18 07:51:47,445", "level": "DEBUG", "name": "httpx", "message": "load_ssl_context verify=True cert=None trust_env=True http2=False", "user_id": "anonymous"}
{"time": "2025-01-18 07:51:47,446", "level": "DEBUG", "name": "httpx", "message": "load_verify_locations cafile='/home/creditizens/djangochatAI/djangochatbotAI_venv/lib/python3.12/site-packages/certifi/cacert.pem'", "user_id": "anonymous"}
{"time": "2025-01-18 07:51:47,533", "level": "DEBUG", "name": "httpx", "message": "load_ssl_context verify=True cert=None trust_env=True http2=False", "user_id": "anonymous"}
{"time": "2025-01-18 07:51:47,534", "level": "DEBUG", "name": "httpx", "message": "load_verify_locations cafile='/home/creditizens/djangochatAI/djangochatbotAI_venv/lib/python3.12/site-packages/certifi/cacert.pem'", "user_id": "anonymous"}
{"time": "2025-01-18 07:51:49,432", "level": "DEBUG", "name": "httpx", "message": "load_ssl_context verify=True cert=None trust_env=True http2=False", "user_id": "anonymous"}
{"time": "2025-01-18 07:51:49,433", "level": "DEBUG", "name": "httpx", "message": "load_verify_locations cafile='/home/creditizens/djangochatAI/djangochatbotAI_venv/lib/python3.12/site-packages/certifi/cacert.pem'", "user_id": "anonymous"}
{"time": "2025-01-18 07:51:49,563", "level": "DEBUG", "name": "httpx", "message": "load_ssl_context verify=True cert=None trust_env=True http2=False", "user_id": "anonymous"}
{"time": "2025-01-18 07:51:49,565", "level": "DEBUG", "name": "httpx", "message": "load_verify_locations cafile='/home/creditizens/djangochatAI/djangochatbotAI_venv/lib/python3.12/site-packages/certifi/cacert.pem'", "user_id": "anonymous"}
{"time": "2025-01-18 07:51:49,661", "level": "DEBUG", "name": "httpx", "message": "load_ssl_context verify=True cert=None trust_env=True http2=False", "user_id": "anonymous"}
{"time": "2025-01-18 07:51:49,661", "level": "DEBUG", "name": "httpx", "message": "load_verify_locations cafile='/home/creditizens/djangochatAI/djangochatbotAI_venv/lib/python3.12/site-packages/certifi/cacert.pem'", "user_id": "anonymous"}
{"time": "2025-01-18 07:51:50,480", "level": "DEBUG", "name": "httpx", "message": "load_ssl_context verify=True cert=None trust_env=True http2=False", "user_id": "anonymous"}
{"time": "2025-01-18 07:51:50,481", "level": "DEBUG", "name": "httpx", "message": "load_verify_locations cafile='/home/creditizens/djangochatAI/djangochatbotAI_venv/lib/python3.12/site-packages/certifi/cacert.pem'", "user_id": "anonymous"}
{"time": "2025-01-18 07:51:50,590", "level": "DEBUG", "name": "httpx", "message": "load_ssl_context verify=True cert=None trust_env=True http2=False", "user_id": "anonymous"}
{"time": "2025-01-18 07:51:50,591", "level": "DEBUG", "name": "httpx", "message": "load_verify_locations cafile='/home/creditizens/djangochatAI/djangochatbotAI_venv/lib/python3.12/site-packages/certifi/cacert.pem'", "user_id": "anonymous"}
{"time": "2025-01-18 07:51:50,717", "level": "DEBUG", "name": "httpx", "message": "load_ssl_context verify=True cert=None trust_env=True http2=False", "user_id": "anonymous"}
{"time": "2025-01-18 07:51:50,719", "level": "DEBUG", "name": "httpx", "message": "load_verify_locations cafile='/home/creditizens/djangochatAI/djangochatbotAI_venv/lib/python3.12/site-packages/certifi/cacert.pem'", "user_id": "anonymous"}
{"time": "2025-01-18 07:51:50,799", "level": "DEBUG", "name": "httpx", "message": "load_ssl_context verify=True cert=None trust_env=True http2=False", "user_id": "anonymous"}
{"time": "2025-01-18 07:51:50,800", "level": "DEBUG", "name": "httpx", "message": "load_verify_locations cafile='/home/creditizens/djangochatAI/djangochatbotAI_venv/lib/python3.12/site-packages/certifi/cacert.pem'", "user_id": "anonymous"}
{"time": "2025-01-18 07:52:15,244", "level": "INFO", "name": "django.utils.autoreload", "message": "/home/creditizens/djangochatAI/chatbotAI/common/record_to_db.py changed, reloading.", "user_id": "anonymous"}
{"time": "2025-01-18 07:52:17,318", "level": "INFO", "name": "django.utils.autoreload", "message": "Watching for file changes with StatReloader", "user_id": "anonymous"}
{"time": "2025-01-18 07:52:19,286", "level": "DEBUG", "name": "httpx", "message": "load_ssl_context verify=True cert=None trust_env=True http2=False", "user_id": "anonymous"}
{"time": "2025-01-18 07:52:19,288", "level": "DEBUG", "name": "httpx", "message": "load_verify_locations cafile='/home/creditizens/djangochatAI/djangochatbotAI_venv/lib/python3.12/site-packages/certifi/cacert.pem'", "user_id": "anonymous"}
{"time": "2025-01-18 07:52:19,383", "level": "DEBUG", "name": "httpx", "message": "load_ssl_context verify=True cert=None trust_env=True http2=False", "user_id": "anonymous"}
{"time": "2025-01-18 07:52:19,385", "level": "DEBUG", "name": "httpx", "message": "load_verify_locations cafile='/home/creditizens/djangochatAI/djangochatbotAI_venv/lib/python3.12/site-packages/certifi/cacert.pem'", "user_id": "anonymous"}
{"time": "2025-01-18 07:52:19,482", "level": "DEBUG", "name": "httpx", "message": "load_ssl_context verify=True cert=None trust_env=True http2=False", "user_id": "anonymous"}
{"time": "2025-01-18 07:52:19,483", "level": "DEBUG", "name": "httpx", "message": "load_verify_locations cafile='/home/creditizens/djangochatAI/djangochatbotAI_venv/lib/python3.12/site-packages/certifi/cacert.pem'", "user_id": "anonymous"}
{"time": "2025-01-18 07:52:19,568", "level": "DEBUG", "name": "httpx", "message": "load_ssl_context verify=True cert=None trust_env=True http2=False", "user_id": "anonymous"}
{"time": "2025-01-18 07:52:19,569", "level": "DEBUG", "name": "httpx", "message": "load_verify_locations cafile='/home/creditizens/djangochatAI/djangochatbotAI_venv/lib/python3.12/site-packages/certifi/cacert.pem'", "user_id": "anonymous"}
{"time": "2025-01-18 07:52:19,655", "level": "DEBUG", "name": "httpx", "message": "load_ssl_context verify=True cert=None trust_env=True http2=False", "user_id": "anonymous"}
{"time": "2025-01-18 07:52:19,656", "level": "DEBUG", "name": "httpx", "message": "load_verify_locations cafile='/home/creditizens/djangochatAI/djangochatbotAI_venv/lib/python3.12/site-packages/certifi/cacert.pem'", "user_id": "anonymous"}
{"time": "2025-01-18 07:52:19,742", "level": "DEBUG", "name": "httpx", "message": "load_ssl_context verify=True cert=None trust_env=True http2=False", "user_id": "anonymous"}
{"time": "2025-01-18 07:52:19,743", "level": "DEBUG", "name": "httpx", "message": "load_verify_locations cafile='/home/creditizens/djangochatAI/djangochatbotAI_venv/lib/python3.12/site-packages/certifi/cacert.pem'", "user_id": "anonymous"}
{"time": "2025-01-18 07:52:19,814", "level": "DEBUG", "name": "httpx", "message": "load_ssl_context verify=True cert=None trust_env=True http2=False", "user_id": "anonymous"}
{"time": "2025-01-18 07:52:19,815", "level": "DEBUG", "name": "httpx", "message": "load_verify_locations cafile='/home/creditizens/djangochatAI/djangochatbotAI_venv/lib/python3.12/site-packages/certifi/cacert.pem'", "user_id": "anonymous"}
{"time": "2025-01-18 07:52:19,891", "level": "DEBUG", "name": "httpx", "message": "load_ssl_context verify=True cert=None trust_env=True http2=False", "user_id": "anonymous"}
{"time": "2025-01-18 07:52:19,892", "level": "DEBUG", "name": "httpx", "message": "load_verify_locations cafile='/home/creditizens/djangochatAI/djangochatbotAI_venv/lib/python3.12/site-packages/certifi/cacert.pem'", "user_id": "anonymous"}
{"time": "2025-01-18 07:52:19,964", "level": "DEBUG", "name": "httpx", "message": "load_ssl_context verify=True cert=None trust_env=True http2=False", "user_id": "anonymous"}
{"time": "2025-01-18 07:52:19,966", "level": "DEBUG", "name": "httpx", "message": "load_verify_locations cafile='/home/creditizens/djangochatAI/djangochatbotAI_venv/lib/python3.12/site-packages/certifi/cacert.pem'", "user_id": "anonymous"}
{"time": "2025-01-18 07:52:20,039", "level": "DEBUG", "name": "httpx", "message": "load_ssl_context verify=True cert=None trust_env=True http2=False", "user_id": "anonymous"}
{"time": "2025-01-18 07:52:20,040", "level": "DEBUG", "name": "httpx", "message": "load_verify_locations cafile='/home/creditizens/djangochatAI/djangochatbotAI_venv/lib/python3.12/site-packages/certifi/cacert.pem'", "user_id": "anonymous"}
{"time": "2025-01-18 07:52:20,117", "level": "DEBUG", "name": "httpx", "message": "load_ssl_context verify=True cert=None trust_env=True http2=False", "user_id": "anonymous"}
{"time": "2025-01-18 07:52:20,118", "level": "DEBUG", "name": "httpx", "message": "load_verify_locations cafile='/home/creditizens/djangochatAI/djangochatbotAI_venv/lib/python3.12/site-packages/certifi/cacert.pem'", "user_id": "anonymous"}
{"time": "2025-01-18 07:52:20,203", "level": "DEBUG", "name": "httpx", "message": "load_ssl_context verify=True cert=None trust_env=True http2=False", "user_id": "anonymous"}
{"time": "2025-01-18 07:52:20,205", "level": "DEBUG", "name": "httpx", "message": "load_verify_locations cafile='/home/creditizens/djangochatAI/djangochatbotAI_venv/lib/python3.12/site-packages/certifi/cacert.pem'", "user_id": "anonymous"}
{"time": "2025-01-18 07:52:20,286", "level": "DEBUG", "name": "httpx", "message": "load_ssl_context verify=True cert=None trust_env=True http2=False", "user_id": "anonymous"}
{"time": "2025-01-18 07:52:20,287", "level": "DEBUG", "name": "httpx", "message": "load_verify_locations cafile='/home/creditizens/djangochatAI/djangochatbotAI_venv/lib/python3.12/site-packages/certifi/cacert.pem'", "user_id": "anonymous"}
{"time": "2025-01-18 07:52:20,363", "level": "DEBUG", "name": "httpx", "message": "load_ssl_context verify=True cert=None trust_env=True http2=False", "user_id": "anonymous"}
{"time": "2025-01-18 07:52:20,364", "level": "DEBUG", "name": "httpx", "message": "load_verify_locations cafile='/home/creditizens/djangochatAI/djangochatbotAI_venv/lib/python3.12/site-packages/certifi/cacert.pem'", "user_id": "anonymous"}
{"time": "2025-01-18 07:52:21,423", "level": "DEBUG", "name": "httpx", "message": "load_ssl_context verify=True cert=None trust_env=True http2=False", "user_id": "anonymous"}
{"time": "2025-01-18 07:52:21,424", "level": "DEBUG", "name": "httpx", "message": "load_verify_locations cafile='/home/creditizens/djangochatAI/djangochatbotAI_venv/lib/python3.12/site-packages/certifi/cacert.pem'", "user_id": "anonymous"}
{"time": "2025-01-18 07:52:21,567", "level": "DEBUG", "name": "httpx", "message": "load_ssl_context verify=True cert=None trust_env=True http2=False", "user_id": "anonymous"}
{"time": "2025-01-18 07:52:21,567", "level": "DEBUG", "name": "httpx", "message": "load_verify_locations cafile='/home/creditizens/djangochatAI/djangochatbotAI_venv/lib/python3.12/site-packages/certifi/cacert.pem'", "user_id": "anonymous"}
{"time": "2025-01-18 07:52:21,656", "level": "DEBUG", "name": "httpx", "message": "load_ssl_context verify=True cert=None trust_env=True http2=False", "user_id": "anonymous"}
{"time": "2025-01-18 07:52:21,656", "level": "DEBUG", "name": "httpx", "message": "load_verify_locations cafile='/home/creditizens/djangochatAI/djangochatbotAI_venv/lib/python3.12/site-packages/certifi/cacert.pem'", "user_id": "anonymous"}
{"time": "2025-01-18 07:52:22,261", "level": "DEBUG", "name": "httpx", "message": "load_ssl_context verify=True cert=None trust_env=True http2=False", "user_id": "anonymous"}
{"time": "2025-01-18 07:52:22,262", "level": "DEBUG", "name": "httpx", "message": "load_verify_locations cafile='/home/creditizens/djangochatAI/djangochatbotAI_venv/lib/python3.12/site-packages/certifi/cacert.pem'", "user_id": "anonymous"}
{"time": "2025-01-18 07:52:22,339", "level": "DEBUG", "name": "httpx", "message": "load_ssl_context verify=True cert=None trust_env=True http2=False", "user_id": "anonymous"}
{"time": "2025-01-18 07:52:22,340", "level": "DEBUG", "name": "httpx", "message": "load_verify_locations cafile='/home/creditizens/djangochatAI/djangochatbotAI_venv/lib/python3.12/site-packages/certifi/cacert.pem'", "user_id": "anonymous"}
{"time": "2025-01-18 07:52:22,427", "level": "DEBUG", "name": "httpx", "message": "load_ssl_context verify=True cert=None trust_env=True http2=False", "user_id": "anonymous"}
{"time": "2025-01-18 07:52:22,428", "level": "DEBUG", "name": "httpx", "message": "load_verify_locations cafile='/home/creditizens/djangochatAI/djangochatbotAI_venv/lib/python3.12/site-packages/certifi/cacert.pem'", "user_id": "anonymous"}
{"time": "2025-01-18 07:52:22,507", "level": "DEBUG", "name": "httpx", "message": "load_ssl_context verify=True cert=None trust_env=True http2=False", "user_id": "anonymous"}
{"time": "2025-01-18 07:52:22,508", "level": "DEBUG", "name": "httpx", "message": "load_verify_locations cafile='/home/creditizens/djangochatAI/djangochatbotAI_venv/lib/python3.12/site-packages/certifi/cacert.pem'", "user_id": "anonymous"}
{"time": "2025-01-18 07:52:30,898", "level": "WARNING", "name": "django.request", "message": "Not Found: /", "user_id": "anonymous"}
{"time": "2025-01-18 07:52:31,690", "level": "WARNING", "name": "django.request", "message": "Not Found: /favicon.ico", "user_id": "anonymous"}
{"time": "2025-01-18 07:52:52,180", "level": "INFO", "name": "users", "message": "Username OR Password is incorrect", "user_id": "anonymous"}
{"time": "2025-01-18 08:02:12,264", "level": "INFO", "name": "common", "message": "Log Analyzer Agent Status (runLogAnalyzer): Running", "user_id": "1"}
{"time": "2025-01-18 08:03:09,151", "level": "INFO", "name": "common", "message": "Log Analyzer Agent Status (runLogAnalyzer): Success", "user_id": "1"}
{"time": "2025-01-18 08:03:09,180", "level": "ERROR", "name": "common", "message": "Log Analyzer Agent storing record in db (db_recorder): Exception -> missing "=" after "postgresql+psycopg://creditizens:metaverse@localhost:5432/chatbotaidb" in connection info string
", "user_id": "1"}
{"time": "2025-01-18 08:03:09,181", "level": "INFO", "name": "common", "message": "Log Analyzer Agent Query (runLogAnalyzer): recording to db", "user_id": "1"}
{"time": "2025-01-18 08:10:50,694", "level": "INFO", "name": "common", "message": "Log Analyzer Agent Status (runLogAnalyzer): Running", "user_id": "1"}
{"time": "2025-01-18 08:11:45,068", "level": "INFO", "name": "common", "message": "Log Analyzer Agent Status (runLogAnalyzer): Success", "user_id": "1"}
{"time": "2025-01-18 08:11:45,083", "level": "ERROR", "name": "common", "message": "Log Analyzer Agent storing record in db (db_recorder): Exception -> missing "=" after "postgresql+psycopg://creditizens:metaverse@localhost:5432/chatbotaidb" in connection info string
", "user_id": "1"}
{"time": "2025-01-18 08:11:45,083", "level": "INFO", "name": "common", "message": "Log Analyzer Agent Query (runLogAnalyzer): recording to db", "user_id": "1"}
{"time": "2025-01-18 08:16:31,522", "level": "INFO", "name": "django.utils.autoreload", "message": "Watching for file changes with StatReloader", "user_id": "anonymous"}
{"time": "2025-01-18 08:16:33,789", "level": "DEBUG", "name": "httpx", "message": "load_ssl_context verify=True cert=None trust_env=True http2=False", "user_id": "anonymous"}
{"time": "2025-01-18 08:16:33,790", "level": "DEBUG", "name": "httpx", "message": "load_verify_locations cafile='/home/creditizens/djangochatAI/djangochatbotAI_venv/lib/python3.12/site-packages/certifi/cacert.pem'", "user_id": "anonymous"}
{"time": "2025-01-18 08:16:33,884", "level": "DEBUG", "name": "httpx", "message": "load_ssl_context verify=True cert=None trust_env=True http2=False", "user_id": "anonymous"}
{"time": "2025-01-18 08:16:33,885", "level": "DEBUG", "name": "httpx", "message": "load_verify_locations cafile='/home/creditizens/djangochatAI/djangochatbotAI_venv/lib/python3.12/site-packages/certifi/cacert.pem'", "user_id": "anonymous"}
{"time": "2025-01-18 08:16:33,966", "level": "DEBUG", "name": "httpx", "message": "load_ssl_context verify=True cert=None trust_env=True http2=False", "user_id": "anonymous"}
{"time": "2025-01-18 08:16:33,967", "level": "DEBUG", "name": "httpx", "message": "load_verify_locations cafile='/home/creditizens/djangochatAI/djangochatbotAI_venv/lib/python3.12/site-packages/certifi/cacert.pem'", "user_id": "anonymous"}
{"time": "2025-01-18 08:16:34,040", "level": "DEBUG", "name": "httpx", "message": "load_ssl_context verify=True cert=None trust_env=True http2=False", "user_id": "anonymous"}
{"time": "2025-01-18 08:16:34,041", "level": "DEBUG", "name": "httpx", "message": "load_verify_locations cafile='/home/creditizens/djangochatAI/djangochatbotAI_venv/lib/python3.12/site-packages/certifi/cacert.pem'", "user_id": "anonymous"}
{"time": "2025-01-18 08:16:34,113", "level": "DEBUG", "name": "httpx", "message": "load_ssl_context verify=True cert=None trust_env=True http2=False", "user_id": "anonymous"}
{"time": "2025-01-18 08:16:34,114", "level": "DEBUG", "name": "httpx", "message": "load_verify_locations cafile='/home/creditizens/djangochatAI/djangochatbotAI_venv/lib/python3.12/site-packages/certifi/cacert.pem'", "user_id": "anonymous"}
{"time": "2025-01-18 08:16:34,187", "level": "DEBUG", "name": "httpx", "message": "load_ssl_context verify=True cert=None trust_env=True http2=False", "user_id": "anonymous"}
{"time": "2025-01-18 08:16:34,188", "level": "DEBUG", "name": "httpx", "message": "load_verify_locations cafile='/home/creditizens/djangochatAI/djangochatbotAI_venv/lib/python3.12/site-packages/certifi/cacert.pem'", "user_id": "anonymous"}
{"time": "2025-01-18 08:16:34,263", "level": "DEBUG", "name": "httpx", "message": "load_ssl_context verify=True cert=None trust_env=True http2=False", "user_id": "anonymous"}
{"time": "2025-01-18 08:16:34,264", "level": "DEBUG", "name": "httpx", "message": "load_verify_locations cafile='/home/creditizens/djangochatAI/djangochatbotAI_venv/lib/python3.12/site-packages/certifi/cacert.pem'", "user_id": "anonymous"}
{"time": "2025-01-18 08:16:34,336", "level": "DEBUG", "name": "httpx", "message": "load_ssl_context verify=True cert=None trust_env=True http2=False", "user_id": "anonymous"}
{"time": "2025-01-18 08:16:34,338", "level": "DEBUG", "name": "httpx", "message": "load_verify_locations cafile='/home/creditizens/djangochatAI/djangochatbotAI_venv/lib/python3.12/site-packages/certifi/cacert.pem'", "user_id": "anonymous"}
{"time": "2025-01-18 08:16:34,410", "level": "DEBUG", "name": "httpx", "message": "load_ssl_context verify=True cert=None trust_env=True http2=False", "user_id": "anonymous"}
{"time": "2025-01-18 08:16:34,411", "level": "DEBUG", "name": "httpx", "message": "load_verify_locations cafile='/home/creditizens/djangochatAI/djangochatbotAI_venv/lib/python3.12/site-packages/certifi/cacert.pem'", "user_id": "anonymous"}
{"time": "2025-01-18 08:16:34,492", "level": "DEBUG", "name": "httpx", "message": "load_ssl_context verify=True cert=None trust_env=True http2=False", "user_id": "anonymous"}
{"time": "2025-01-18 08:16:34,493", "level": "DEBUG", "name": "httpx", "message": "load_verify_locations cafile='/home/creditizens/djangochatAI/djangochatbotAI_venv/lib/python3.12/site-packages/certifi/cacert.pem'", "user_id": "anonymous"}
{"time": "2025-01-18 08:16:34,570", "level": "DEBUG", "name": "httpx", "message": "load_ssl_context verify=True cert=None trust_env=True http2=False", "user_id": "anonymous"}
{"time": "2025-01-18 08:16:34,571", "level": "DEBUG", "name": "httpx", "message": "load_verify_locations cafile='/home/creditizens/djangochatAI/djangochatbotAI_venv/lib/python3.12/site-packages/certifi/cacert.pem'", "user_id": "anonymous"}
{"time": "2025-01-18 08:16:34,652", "level": "DEBUG", "name": "httpx", "message": "load_ssl_context verify=True cert=None trust_env=True http2=False", "user_id": "anonymous"}
{"time": "2025-01-18 08:16:34,653", "level": "DEBUG", "name": "httpx", "message": "load_verify_locations cafile='/home/creditizens/djangochatAI/djangochatbotAI_venv/lib/python3.12/site-packages/certifi/cacert.pem'", "user_id": "anonymous"}
{"time": "2025-01-18 08:16:34,756", "level": "DEBUG", "name": "httpx", "message": "load_ssl_context verify=True cert=None trust_env=True http2=False", "user_id": "anonymous"}
{"time": "2025-01-18 08:16:34,757", "level": "DEBUG", "name": "httpx", "message": "load_verify_locations cafile='/home/creditizens/djangochatAI/djangochatbotAI_venv/lib/python3.12/site-packages/certifi/cacert.pem'", "user_id": "anonymous"}
{"time": "2025-01-18 08:16:34,829", "level": "DEBUG", "name": "httpx", "message": "load_ssl_context verify=True cert=None trust_env=True http2=False", "user_id": "anonymous"}
{"time": "2025-01-18 08:16:34,830", "level": "DEBUG", "name": "httpx", "message": "load_verify_locations cafile='/home/creditizens/djangochatAI/djangochatbotAI_venv/lib/python3.12/site-packages/certifi/cacert.pem'", "user_id": "anonymous"}
{"time": "2025-01-18 08:16:35,737", "level": "DEBUG", "name": "httpx", "message": "load_ssl_context verify=True cert=None trust_env=True http2=False", "user_id": "anonymous"}
{"time": "2025-01-18 08:16:35,738", "level": "DEBUG", "name": "httpx", "message": "load_verify_locations cafile='/home/creditizens/djangochatAI/djangochatbotAI_venv/lib/python3.12/site-packages/certifi/cacert.pem'", "user_id": "anonymous"}
{"time": "2025-01-18 08:16:35,851", "level": "DEBUG", "name": "httpx", "message": "load_ssl_context verify=True cert=None trust_env=True http2=False", "user_id": "anonymous"}
{"time": "2025-01-18 08:16:35,851", "level": "DEBUG", "name": "httpx", "message": "load_verify_locations cafile='/home/creditizens/djangochatAI/djangochatbotAI_venv/lib/python3.12/site-packages/certifi/cacert.pem'", "user_id": "anonymous"}
{"time": "2025-01-18 08:16:35,934", "level": "DEBUG", "name": "httpx", "message": "load_ssl_context verify=True cert=None trust_env=True http2=False", "user_id": "anonymous"}
{"time": "2025-01-18 08:16:35,935", "level": "DEBUG", "name": "httpx", "message": "load_verify_locations cafile='/home/creditizens/djangochatAI/djangochatbotAI_venv/lib/python3.12/site-packages/certifi/cacert.pem'", "user_id": "anonymous"}
{"time": "2025-01-18 08:16:36,503", "level": "DEBUG", "name": "httpx", "message": "load_ssl_context verify=True cert=None trust_env=True http2=False", "user_id": "anonymous"}
{"time": "2025-01-18 08:16:36,504", "level": "DEBUG", "name": "httpx", "message": "load_verify_locations cafile='/home/creditizens/djangochatAI/djangochatbotAI_venv/lib/python3.12/site-packages/certifi/cacert.pem'", "user_id": "anonymous"}
{"time": "2025-01-18 08:16:36,573", "level": "DEBUG", "name": "httpx", "message": "load_ssl_context verify=True cert=None trust_env=True http2=False", "user_id": "anonymous"}
{"time": "2025-01-18 08:16:36,574", "level": "DEBUG", "name": "httpx", "message": "load_verify_locations cafile='/home/creditizens/djangochatAI/djangochatbotAI_venv/lib/python3.12/site-packages/certifi/cacert.pem'", "user_id": "anonymous"}
{"time": "2025-01-18 08:16:36,665", "level": "DEBUG", "name": "httpx", "message": "load_ssl_context verify=True cert=None trust_env=True http2=False", "user_id": "anonymous"}
{"time": "2025-01-18 08:16:36,666", "level": "DEBUG", "name": "httpx", "message": "load_verify_locations cafile='/home/creditizens/djangochatAI/djangochatbotAI_venv/lib/python3.12/site-packages/certifi/cacert.pem'", "user_id": "anonymous"}
{"time": "2025-01-18 08:16:36,742", "level": "DEBUG", "name": "httpx", "message": "load_ssl_context verify=True cert=None trust_env=True http2=False", "user_id": "anonymous"}
{"time": "2025-01-18 08:16:36,744", "level": "DEBUG", "name": "httpx", "message": "load_verify_locations cafile='/home/creditizens/djangochatAI/djangochatbotAI_venv/lib/python3.12/site-packages/certifi/cacert.pem'", "user_id": "anonymous"}
{"time": "2025-01-18 08:20:40,553", "level": "INFO", "name": "django.utils.autoreload", "message": "/home/creditizens/djangochatAI/chatbotAI/common/record_to_db.py changed, reloading.", "user_id": "anonymous"}
{"time": "2025-01-18 08:20:42,507", "level": "INFO", "name": "django.utils.autoreload", "message": "Watching for file changes with StatReloader", "user_id": "anonymous"}
{"time": "2025-01-18 08:20:44,587", "level": "DEBUG", "name": "httpx", "message": "load_ssl_context verify=True cert=None trust_env=True http2=False", "user_id": "anonymous"}
{"time": "2025-01-18 08:20:44,588", "level": "DEBUG", "name": "httpx", "message": "load_verify_locations cafile='/home/creditizens/djangochatAI/djangochatbotAI_venv/lib/python3.12/site-packages/certifi/cacert.pem'", "user_id": "anonymous"}
{"time": "2025-01-18 08:20:44,685", "level": "DEBUG", "name": "httpx", "message": "load_ssl_context verify=True cert=None trust_env=True http2=False", "user_id": "anonymous"}
{"time": "2025-01-18 08:20:44,686", "level": "DEBUG", "name": "httpx", "message": "load_verify_locations cafile='/home/creditizens/djangochatAI/djangochatbotAI_venv/lib/python3.12/site-packages/certifi/cacert.pem'", "user_id": "anonymous"}
{"time": "2025-01-18 08:20:44,785", "level": "DEBUG", "name": "httpx", "message": "load_ssl_context verify=True cert=None trust_env=True http2=False", "user_id": "anonymous"}
{"time": "2025-01-18 08:20:44,786", "level": "DEBUG", "name": "httpx", "message": "load_verify_locations cafile='/home/creditizens/djangochatAI/djangochatbotAI_venv/lib/python3.12/site-packages/certifi/cacert.pem'", "user_id": "anonymous"}
{"time": "2025-01-18 08:20:44,889", "level": "DEBUG", "name": "httpx", "message": "load_ssl_context verify=True cert=None trust_env=True http2=False", "user_id": "anonymous"}
{"time": "2025-01-18 08:20:44,890", "level": "DEBUG", "name": "httpx", "message": "load_verify_locations cafile='/home/creditizens/djangochatAI/djangochatbotAI_venv/lib/python3.12/site-packages/certifi/cacert.pem'", "user_id": "anonymous"}
{"time": "2025-01-18 08:20:44,986", "level": "DEBUG", "name": "httpx", "message": "load_ssl_context verify=True cert=None trust_env=True http2=False", "user_id": "anonymous"}
{"time": "2025-01-18 08:20:44,987", "level": "DEBUG", "name": "httpx", "message": "load_verify_locations cafile='/home/creditizens/djangochatAI/djangochatbotAI_venv/lib/python3.12/site-packages/certifi/cacert.pem'", "user_id": "anonymous"}
{"time": "2025-01-18 08:20:45,089", "level": "DEBUG", "name": "httpx", "message": "load_ssl_context verify=True cert=None trust_env=True http2=False", "user_id": "anonymous"}
{"time": "2025-01-18 08:20:45,091", "level": "DEBUG", "name": "httpx", "message": "load_verify_locations cafile='/home/creditizens/djangochatAI/djangochatbotAI_venv/lib/python3.12/site-packages/certifi/cacert.pem'", "user_id": "anonymous"}
{"time": "2025-01-18 08:20:45,180", "level": "DEBUG", "name": "httpx", "message": "load_ssl_context verify=True cert=None trust_env=True http2=False", "user_id": "anonymous"}
{"time": "2025-01-18 08:20:45,182", "level": "DEBUG", "name": "httpx", "message": "load_verify_locations cafile='/home/creditizens/djangochatAI/djangochatbotAI_venv/lib/python3.12/site-packages/certifi/cacert.pem'", "user_id": "anonymous"}
{"time": "2025-01-18 08:20:45,273", "level": "DEBUG", "name": "httpx", "message": "load_ssl_context verify=True cert=None trust_env=True http2=False", "user_id": "anonymous"}
{"time": "2025-01-18 08:20:45,275", "level": "DEBUG", "name": "httpx", "message": "load_verify_locations cafile='/home/creditizens/djangochatAI/djangochatbotAI_venv/lib/python3.12/site-packages/certifi/cacert.pem'", "user_id": "anonymous"}
{"time": "2025-01-18 08:20:45,353", "level": "DEBUG", "name": "httpx", "message": "load_ssl_context verify=True cert=None trust_env=True http2=False", "user_id": "anonymous"}
{"time": "2025-01-18 08:20:45,354", "level": "DEBUG", "name": "httpx", "message": "load_verify_locations cafile='/home/creditizens/djangochatAI/djangochatbotAI_venv/lib/python3.12/site-packages/certifi/cacert.pem'", "user_id": "anonymous"}
{"time": "2025-01-18 08:20:45,429", "level": "DEBUG", "name": "httpx", "message": "load_ssl_context verify=True cert=None trust_env=True http2=False", "user_id": "anonymous"}
{"time": "2025-01-18 08:20:45,430", "level": "DEBUG", "name": "httpx", "message": "load_verify_locations cafile='/home/creditizens/djangochatAI/djangochatbotAI_venv/lib/python3.12/site-packages/certifi/cacert.pem'", "user_id": "anonymous"}
{"time": "2025-01-18 08:20:45,507", "level": "DEBUG", "name": "httpx", "message": "load_ssl_context verify=True cert=None trust_env=True http2=False", "user_id": "anonymous"}
{"time": "2025-01-18 08:20:45,508", "level": "DEBUG", "name": "httpx", "message": "load_verify_locations cafile='/home/creditizens/djangochatAI/djangochatbotAI_venv/lib/python3.12/site-packages/certifi/cacert.pem'", "user_id": "anonymous"}
{"time": "2025-01-18 08:20:45,578", "level": "DEBUG", "name": "httpx", "message": "load_ssl_context verify=True cert=None trust_env=True http2=False", "user_id": "anonymous"}
{"time": "2025-01-18 08:20:45,579", "level": "DEBUG", "name": "httpx", "message": "load_verify_locations cafile='/home/creditizens/djangochatAI/djangochatbotAI_venv/lib/python3.12/site-packages/certifi/cacert.pem'", "user_id": "anonymous"}
{"time": "2025-01-18 08:20:45,658", "level": "DEBUG", "name": "httpx", "message": "load_ssl_context verify=True cert=None trust_env=True http2=False", "user_id": "anonymous"}
{"time": "2025-01-18 08:20:45,658", "level": "DEBUG", "name": "httpx", "message": "load_verify_locations cafile='/home/creditizens/djangochatAI/djangochatbotAI_venv/lib/python3.12/site-packages/certifi/cacert.pem'", "user_id": "anonymous"}
{"time": "2025-01-18 08:20:45,733", "level": "DEBUG", "name": "httpx", "message": "load_ssl_context verify=True cert=None trust_env=True http2=False", "user_id": "anonymous"}
{"time": "2025-01-18 08:20:45,734", "level": "DEBUG", "name": "httpx", "message": "load_verify_locations cafile='/home/creditizens/djangochatAI/djangochatbotAI_venv/lib/python3.12/site-packages/certifi/cacert.pem'", "user_id": "anonymous"}
{"time": "2025-01-18 08:20:46,718", "level": "DEBUG", "name": "httpx", "message": "load_ssl_context verify=True cert=None trust_env=True http2=False", "user_id": "anonymous"}
{"time": "2025-01-18 08:20:46,719", "level": "DEBUG", "name": "httpx", "message": "load_verify_locations cafile='/home/creditizens/djangochatAI/djangochatbotAI_venv/lib/python3.12/site-packages/certifi/cacert.pem'", "user_id": "anonymous"}
{"time": "2025-01-18 08:20:46,838", "level": "DEBUG", "name": "httpx", "message": "load_ssl_context verify=True cert=None trust_env=True http2=False", "user_id": "anonymous"}
{"time": "2025-01-18 08:20:46,839", "level": "DEBUG", "name": "httpx", "message": "load_verify_locations cafile='/home/creditizens/djangochatAI/djangochatbotAI_venv/lib/python3.12/site-packages/certifi/cacert.pem'", "user_id": "anonymous"}
{"time": "2025-01-18 08:20:46,928", "level": "DEBUG", "name": "httpx", "message": "load_ssl_context verify=True cert=None trust_env=True http2=False", "user_id": "anonymous"}
{"time": "2025-01-18 08:20:46,929", "level": "DEBUG", "name": "httpx", "message": "load_verify_locations cafile='/home/creditizens/djangochatAI/djangochatbotAI_venv/lib/python3.12/site-packages/certifi/cacert.pem'", "user_id": "anonymous"}
{"time": "2025-01-18 08:20:47,558", "level": "DEBUG", "name": "httpx", "message": "load_ssl_context verify=True cert=None trust_env=True http2=False", "user_id": "anonymous"}
{"time": "2025-01-18 08:20:47,559", "level": "DEBUG", "name": "httpx", "message": "load_verify_locations cafile='/home/creditizens/djangochatAI/djangochatbotAI_venv/lib/python3.12/site-packages/certifi/cacert.pem'", "user_id": "anonymous"}
{"time": "2025-01-18 08:20:47,640", "level": "DEBUG", "name": "httpx", "message": "load_ssl_context verify=True cert=None trust_env=True http2=False", "user_id": "anonymous"}
{"time": "2025-01-18 08:20:47,641", "level": "DEBUG", "name": "httpx", "message": "load_verify_locations cafile='/home/creditizens/djangochatAI/djangochatbotAI_venv/lib/python3.12/site-packages/certifi/cacert.pem'", "user_id": "anonymous"}
{"time": "2025-01-18 08:20:47,731", "level": "DEBUG", "name": "httpx", "message": "load_ssl_context verify=True cert=None trust_env=True http2=False", "user_id": "anonymous"}
{"time": "2025-01-18 08:20:47,732", "level": "DEBUG", "name": "httpx", "message": "load_verify_locations cafile='/home/creditizens/djangochatAI/djangochatbotAI_venv/lib/python3.12/site-packages/certifi/cacert.pem'", "user_id": "anonymous"}
{"time": "2025-01-18 08:20:47,823", "level": "DEBUG", "name": "httpx", "message": "load_ssl_context verify=True cert=None trust_env=True http2=False", "user_id": "anonymous"}
{"time": "2025-01-18 08:20:47,824", "level": "DEBUG", "name": "httpx", "message": "load_verify_locations cafile='/home/creditizens/djangochatAI/djangochatbotAI_venv/lib/python3.12/site-packages/certifi/cacert.pem'", "user_id": "anonymous"}
{"time": "2025-01-18 08:21:01,056", "level": "INFO", "name": "common", "message": "Log Analyzer Agent Status (runLogAnalyzer): Running", "user_id": "1"}
{"time": "2025-01-18 08:21:45,842", "level": "INFO", "name": "django.utils.autoreload", "message": "/home/creditizens/djangochatAI/chatbotAI/common/record_to_db.py changed, reloading.", "user_id": "anonymous"}
{"time": "2025-01-18 08:21:48,037", "level": "INFO", "name": "django.utils.autoreload", "message": "Watching for file changes with StatReloader", "user_id": "anonymous"}
{"time": "2025-01-18 08:21:50,107", "level": "DEBUG", "name": "httpx", "message": "load_ssl_context verify=True cert=None trust_env=True http2=False", "user_id": "anonymous"}
{"time": "2025-01-18 08:21:50,108", "level": "DEBUG", "name": "httpx", "message": "load_verify_locations cafile='/home/creditizens/djangochatAI/djangochatbotAI_venv/lib/python3.12/site-packages/certifi/cacert.pem'", "user_id": "anonymous"}
{"time": "2025-01-18 08:21:50,188", "level": "DEBUG", "name": "httpx", "message": "load_ssl_context verify=True cert=None trust_env=True http2=False", "user_id": "anonymous"}
{"time": "2025-01-18 08:21:50,189", "level": "DEBUG", "name": "httpx", "message": "load_verify_locations cafile='/home/creditizens/djangochatAI/djangochatbotAI_venv/lib/python3.12/site-packages/certifi/cacert.pem'", "user_id": "anonymous"}
{"time": "2025-01-18 08:21:50,301", "level": "DEBUG", "name": "httpx", "message": "load_ssl_context verify=True cert=None trust_env=True http2=False", "user_id": "anonymous"}
{"time": "2025-01-18 08:21:50,302", "level": "DEBUG", "name": "httpx", "message": "load_verify_locations cafile='/home/creditizens/djangochatAI/djangochatbotAI_venv/lib/python3.12/site-packages/certifi/cacert.pem'", "user_id": "anonymous"}
{"time": "2025-01-18 08:21:50,402", "level": "DEBUG", "name": "httpx", "message": "load_ssl_context verify=True cert=None trust_env=True http2=False", "user_id": "anonymous"}
{"time": "2025-01-18 08:21:50,403", "level": "DEBUG", "name": "httpx", "message": "load_verify_locations cafile='/home/creditizens/djangochatAI/djangochatbotAI_venv/lib/python3.12/site-packages/certifi/cacert.pem'", "user_id": "anonymous"}
{"time": "2025-01-18 08:21:50,486", "level": "DEBUG", "name": "httpx", "message": "load_ssl_context verify=True cert=None trust_env=True http2=False", "user_id": "anonymous"}
{"time": "2025-01-18 08:21:50,487", "level": "DEBUG", "name": "httpx", "message": "load_verify_locations cafile='/home/creditizens/djangochatAI/djangochatbotAI_venv/lib/python3.12/site-packages/certifi/cacert.pem'", "user_id": "anonymous"}
{"time": "2025-01-18 08:21:50,565", "level": "DEBUG", "name": "httpx", "message": "load_ssl_context verify=True cert=None trust_env=True http2=False", "user_id": "anonymous"}
{"time": "2025-01-18 08:21:50,567", "level": "DEBUG", "name": "httpx", "message": "load_verify_locations cafile='/home/creditizens/djangochatAI/djangochatbotAI_venv/lib/python3.12/site-packages/certifi/cacert.pem'", "user_id": "anonymous"}
{"time": "2025-01-18 08:21:50,650", "level": "DEBUG", "name": "httpx", "message": "load_ssl_context verify=True cert=None trust_env=True http2=False", "user_id": "anonymous"}
{"time": "2025-01-18 08:21:50,651", "level": "DEBUG", "name": "httpx", "message": "load_verify_locations cafile='/home/creditizens/djangochatAI/djangochatbotAI_venv/lib/python3.12/site-packages/certifi/cacert.pem'", "user_id": "anonymous"}
{"time": "2025-01-18 08:21:50,742", "level": "DEBUG", "name": "httpx", "message": "load_ssl_context verify=True cert=None trust_env=True http2=False", "user_id": "anonymous"}
{"time": "2025-01-18 08:21:50,744", "level": "DEBUG", "name": "httpx", "message": "load_verify_locations cafile='/home/creditizens/djangochatAI/djangochatbotAI_venv/lib/python3.12/site-packages/certifi/cacert.pem'", "user_id": "anonymous"}
{"time": "2025-01-18 08:21:50,834", "level": "DEBUG", "name": "httpx", "message": "load_ssl_context verify=True cert=None trust_env=True http2=False", "user_id": "anonymous"}
{"time": "2025-01-18 08:21:50,835", "level": "DEBUG", "name": "httpx", "message": "load_verify_locations cafile='/home/creditizens/djangochatAI/djangochatbotAI_venv/lib/python3.12/site-packages/certifi/cacert.pem'", "user_id": "anonymous"}
{"time": "2025-01-18 08:21:50,918", "level": "DEBUG", "name": "httpx", "message": "load_ssl_context verify=True cert=None trust_env=True http2=False", "user_id": "anonymous"}
{"time": "2025-01-18 08:21:50,918", "level": "DEBUG", "name": "httpx", "message": "load_verify_locations cafile='/home/creditizens/djangochatAI/djangochatbotAI_venv/lib/python3.12/site-packages/certifi/cacert.pem'", "user_id": "anonymous"}
{"time": "2025-01-18 08:21:50,993", "level": "DEBUG", "name": "httpx", "message": "load_ssl_context verify=True cert=None trust_env=True http2=False", "user_id": "anonymous"}
{"time": "2025-01-18 08:21:50,995", "level": "DEBUG", "name": "httpx", "message": "load_verify_locations cafile='/home/creditizens/djangochatAI/djangochatbotAI_venv/lib/python3.12/site-packages/certifi/cacert.pem'", "user_id": "anonymous"}
{"time": "2025-01-18 08:21:51,073", "level": "DEBUG", "name": "httpx", "message": "load_ssl_context verify=True cert=None trust_env=True http2=False", "user_id": "anonymous"}
{"time": "2025-01-18 08:21:51,073", "level": "DEBUG", "name": "httpx", "message": "load_verify_locations cafile='/home/creditizens/djangochatAI/djangochatbotAI_venv/lib/python3.12/site-packages/certifi/cacert.pem'", "user_id": "anonymous"}
{"time": "2025-01-18 08:21:51,162", "level": "DEBUG", "name": "httpx", "message": "load_ssl_context verify=True cert=None trust_env=True http2=False", "user_id": "anonymous"}
{"time": "2025-01-18 08:21:51,163", "level": "DEBUG", "name": "httpx", "message": "load_verify_locations cafile='/home/creditizens/djangochatAI/djangochatbotAI_venv/lib/python3.12/site-packages/certifi/cacert.pem'", "user_id": "anonymous"}
{"time": "2025-01-18 08:21:51,244", "level": "DEBUG", "name": "httpx", "message": "load_ssl_context verify=True cert=None trust_env=True http2=False", "user_id": "anonymous"}
{"time": "2025-01-18 08:21:51,245", "level": "DEBUG", "name": "httpx", "message": "load_verify_locations cafile='/home/creditizens/djangochatAI/djangochatbotAI_venv/lib/python3.12/site-packages/certifi/cacert.pem'", "user_id": "anonymous"}
{"time": "2025-01-18 08:21:52,273", "level": "DEBUG", "name": "httpx", "message": "load_ssl_context verify=True cert=None trust_env=True http2=False", "user_id": "anonymous"}
{"time": "2025-01-18 08:21:52,274", "level": "DEBUG", "name": "httpx", "message": "load_verify_locations cafile='/home/creditizens/djangochatAI/djangochatbotAI_venv/lib/python3.12/site-packages/certifi/cacert.pem'", "user_id": "anonymous"}
{"time": "2025-01-18 08:21:52,396", "level": "DEBUG", "name": "httpx", "message": "load_ssl_context verify=True cert=None trust_env=True http2=False", "user_id": "anonymous"}
{"time": "2025-01-18 08:21:52,397", "level": "DEBUG", "name": "httpx", "message": "load_verify_locations cafile='/home/creditizens/djangochatAI/djangochatbotAI_venv/lib/python3.12/site-packages/certifi/cacert.pem'", "user_id": "anonymous"}
{"time": "2025-01-18 08:21:52,485", "level": "DEBUG", "name": "httpx", "message": "load_ssl_context verify=True cert=None trust_env=True http2=False", "user_id": "anonymous"}
{"time": "2025-01-18 08:21:52,486", "level": "DEBUG", "name": "httpx", "message": "load_verify_locations cafile='/home/creditizens/djangochatAI/djangochatbotAI_venv/lib/python3.12/site-packages/certifi/cacert.pem'", "user_id": "anonymous"}
{"time": "2025-01-18 08:21:53,156", "level": "DEBUG", "name": "httpx", "message": "load_ssl_context verify=True cert=None trust_env=True http2=False", "user_id": "anonymous"}
{"time": "2025-01-18 08:21:53,157", "level": "DEBUG", "name": "httpx", "message": "load_verify_locations cafile='/home/creditizens/djangochatAI/djangochatbotAI_venv/lib/python3.12/site-packages/certifi/cacert.pem'", "user_id": "anonymous"}
{"time": "2025-01-18 08:21:53,235", "level": "DEBUG", "name": "httpx", "message": "load_ssl_context verify=True cert=None trust_env=True http2=False", "user_id": "anonymous"}
{"time": "2025-01-18 08:21:53,237", "level": "DEBUG", "name": "httpx", "message": "load_verify_locations cafile='/home/creditizens/djangochatAI/djangochatbotAI_venv/lib/python3.12/site-packages/certifi/cacert.pem'", "user_id": "anonymous"}
{"time": "2025-01-18 08:21:53,328", "level": "DEBUG", "name": "httpx", "message": "load_ssl_context verify=True cert=None trust_env=True http2=False", "user_id": "anonymous"}
{"time": "2025-01-18 08:21:53,329", "level": "DEBUG", "name": "httpx", "message": "load_verify_locations cafile='/home/creditizens/djangochatAI/djangochatbotAI_venv/lib/python3.12/site-packages/certifi/cacert.pem'", "user_id": "anonymous"}
{"time": "2025-01-18 08:21:53,400", "level": "DEBUG", "name": "httpx", "message": "load_ssl_context verify=True cert=None trust_env=True http2=False", "user_id": "anonymous"}
{"time": "2025-01-18 08:21:53,402", "level": "DEBUG", "name": "httpx", "message": "load_verify_locations cafile='/home/creditizens/djangochatAI/djangochatbotAI_venv/lib/python3.12/site-packages/certifi/cacert.pem'", "user_id": "anonymous"}
{"time": "2025-01-18 08:22:13,164", "level": "INFO", "name": "common", "message": "Log Analyzer Agent Status (runLogAnalyzer): Running", "user_id": "1"}
{"time": "2025-01-18 08:25:17,752", "level": "INFO", "name": "common", "message": "Log Analyzer Agent Status (runLogAnalyzer): Success", "user_id": "1"}
{"time": "2025-01-18 08:25:17,816", "level": "INFO", "name": "common", "message": "Log Analyzer Agent Query (runLogAnalyzer): recording to db", "user_id": "1"}
